<?xml version="1.0" encoding="UTF-8"?>
<!-- Generated by org.testng.reporters.JUnitReportReporter -->
<testsuite hostname="DBSF219" failures="0" tests="2" name="testcases.SwaglabsLoginTest" time="5.924" errors="0" timestamp="2022-09-17T16:37:20 AEST" skipped="0">
  <testcase classname="testcases.SwaglabsLoginTest" name="Test1" time="3.721"/>
  <system-out/>
  <testcase classname="testcases.SwaglabsLoginTest" name="Test2" time="2.203"/>
  <system-out/>
</testsuite> <!-- testcases.SwaglabsLoginTest -->
