<?xml version="1.0" encoding="UTF-8"?>
<!-- Generated by org.testng.reporters.JUnitReportReporter -->
<testsuite hostname="DBSF219" failures="0" tests="1" name="testcases.HomeTest" time="2.689" errors="0" timestamp="2022-09-17T16:37:20 AEST" skipped="0">
  <testcase classname="testcases.HomeTest" name="TestLogin" time="2.689"/>
  <system-out/>
</testsuite> <!-- testcases.HomeTest -->
